<?xml version="1.0" encoding="UTF-8"?>
<testsuite xmlns:xsi="http://www.w3.org/2001/XMLSchema-instance" xsi:noNamespaceSchemaLocation="https://maven.apache.org/surefire/maven-surefire-plugin/xsd/surefire-test-report-3.0.xsd" version="3.0" name="com.lottery.lotoapi.LotoApiApplicationTests" time="5.599" tests="1" errors="0" skipped="0" failures="0">
  <properties>
[...]
</properties>
  <testcase name="contextLoads" classname="com.lottery.lotoapi.LotoApiApplicationTests" time="0.685">
    <system-out><![CDATA[11:18:43.520 [main] INFO org.springframework.test.context.support.AnnotationConfigContextLoaderUtils -- Could not detect default configuration classes for test class [com.lottery.lotoapi.LotoApiApplicationTests]: LotoApiApplicationTests does not declare any static, non-private, non-final, nested classes annotated with @Configuration.
11:18:43.667 [main] INFO org.springframework.boot.test.context.SpringBootTestContextBootstrapper -- Found @SpringBootConfiguration com.lottery.lotoapi.LotoApiApplication for test class com.lottery.lotoapi.LotoApiApplicationTests

  .   ____          _            __ _ _
 /\\ / ___'_ __ _ _(_)_ __  __ _ \ \ \ \
( ( )\___ | '_ | '_| | '_ \/ _` | \ \ \ \
 \\/  ___)| |_)| | | | | || (_| |  ) ) ) )
  '  |____| .__|_| |_|_| |_\__, | / / / /
 =========|_|==============|___/=/_/_/_/
 :: Spring Boot ::                (v3.1.1)

2023-09-25T11:18:44.113-03:00  INFO 15416 --- [           main] c.l.lotoapi.LotoApiApplicationTests      : Starting LotoApiApplicationTests using Java 20.0.2 with PID 15416 (started by vinic in C:\Users\vinic\Desktop\Spring-projects\loto-api)
2023-09-25T11:18:44.115-03:00  INFO 15416 --- [           main] c.l.lotoapi.LotoApiApplicationTests      : No active profile set, falling back to 1 default profile: "default"
2023-09-25T11:18:44.788-03:00  INFO 15416 --- [           main] .s.d.r.c.RepositoryConfigurationDelegate : Bootstrapping Spring Data JPA repositories in DEFAULT mode.
2023-09-25T11:18:44.865-03:00  INFO 15416 --- [           main] .s.d.r.c.RepositoryConfigurationDelegate : Finished Spring Data repository scanning in 62 ms. Found 2 JPA repository interfaces.
2023-09-25T11:18:45.389-03:00  INFO 15416 --- [           main] o.hibernate.jpa.internal.util.LogHelper  : HHH000204: Processing PersistenceUnitInfo [name: default]
2023-09-25T11:18:45.451-03:00  INFO 15416 --- [           main] org.hibernate.Version                    : HHH000412: Hibernate ORM core version 6.2.5.Final
2023-09-25T11:18:45.453-03:00  INFO 15416 --- [           main] org.hibernate.cfg.Environment            : HHH000406: Using bytecode reflection optimizer
2023-09-25T11:18:45.639-03:00  INFO 15416 --- [           main] o.h.b.i.BytecodeProviderInitiator        : HHH000021: Bytecode provider name : bytebuddy
2023-09-25T11:18:45.777-03:00  INFO 15416 --- [           main] o.s.o.j.p.SpringPersistenceUnitInfo      : No LoadTimeWeaver setup: ignoring JPA class transformer
2023-09-25T11:18:45.796-03:00  INFO 15416 --- [           main] com.zaxxer.hikari.HikariDataSource       : HikariPool-1 - Starting...
2023-09-25T11:18:46.061-03:00  INFO 15416 --- [           main] com.zaxxer.hikari.pool.HikariPool        : HikariPool-1 - Added connection org.postgresql.jdbc.PgConnection@34d9df9f
2023-09-25T11:18:46.063-03:00  INFO 15416 --- [           main] com.zaxxer.hikari.HikariDataSource       : HikariPool-1 - Start completed.
2023-09-25T11:18:46.343-03:00  INFO 15416 --- [           main] o.h.b.i.BytecodeProviderInitiator        : HHH000021: Bytecode provider name : bytebuddy
2023-09-25T11:18:47.057-03:00  INFO 15416 --- [           main] o.h.e.t.j.p.i.JtaPlatformInitiator       : HHH000490: Using JtaPlatform implementation: [org.hibernate.engine.transaction.jta.platform.internal.NoJtaPlatform]
2023-09-25T11:18:47.117-03:00  INFO 15416 --- [           main] j.LocalContainerEntityManagerFactoryBean : Initialized JPA EntityManagerFactory for persistence unit 'default'
2023-09-25T11:18:47.478-03:00  WARN 15416 --- [           main] JpaBaseConfiguration$JpaWebConfiguration : spring.jpa.open-in-view is enabled by default. Therefore, database queries may be performed during view rendering. Explicitly configure spring.jpa.open-in-view to disable this warning
2023-09-25T11:18:47.804-03:00 TRACE 15416 --- [           main] eGlobalAuthenticationAutowiredConfigurer : Eagerly initializing {webSecurityConfig=com.lottery.lotoapi.config.WebSecurityConfig$$SpringCGLIB$$0@63636de0}
2023-09-25T11:18:47.805-03:00 DEBUG 15416 --- [           main] swordEncoderAuthenticationManagerBuilder : No authenticationProviders and no parentAuthenticationManager defined. Returning null.
2023-09-25T11:18:47.967-03:00  INFO 15416 --- [           main] o.s.s.web.DefaultSecurityFilterChain     : Will secure any request with [org.springframework.security.web.session.DisableEncodeUrlFilter@2e51ede1, org.springframework.security.web.context.request.async.WebAsyncManagerIntegrationFilter@12051d38, org.springframework.security.web.context.SecurityContextHolderFilter@1c09bb7a, org.springframework.security.web.header.HeaderWriterFilter@68dc2f53, org.springframework.web.filter.CorsFilter@28f3a218, org.springframework.security.web.csrf.CsrfFilter@1802f60c, org.springframework.security.web.authentication.logout.LogoutFilter@21f94fe3, org.springframework.security.oauth2.client.web.OAuth2AuthorizationRequestRedirectFilter@3f5e64c9, org.springframework.security.oauth2.client.web.OAuth2LoginAuthenticationFilter@1f847d9e, org.springframework.security.web.authentication.ui.DefaultLoginPageGeneratingFilter@7a7bd9a8, org.springframework.security.web.authentication.ui.DefaultLogoutPageGeneratingFilter@67730dab, org.springframework.security.web.savedrequest.RequestCacheAwareFilter@493250cf, org.springframework.security.web.servletapi.SecurityContextHolderAwareRequestFilter@eaa07bb, org.springframework.security.web.authentication.AnonymousAuthenticationFilter@466cca41, org.springframework.security.web.access.ExceptionTranslationFilter@2f69d246, org.springframework.security.web.access.intercept.AuthorizationFilter@3d01b609]
2023-09-25T11:18:48.205-03:00  INFO 15416 --- [           main] c.l.lotoapi.LotoApiApplicationTests      : Started LotoApiApplicationTests in 4.37 seconds (process running for 5.477)
]]></system-out>
  </testcase>
</testsuite>